<?xml version="1.0" encoding="UTF-8"?>
<!-- Generated by org.testng.reporters.JUnitReportReporter -->
<testsuite hostname="KOUSTUBH" failures="0" tests="1" name="Annotations.OneMoreSoftAssert" time="0.039" errors="0" timestamp="2022-04-06T12:23:33 IST" skipped="0">
  <testcase classname="Annotations.OneMoreSoftAssert" name="testCase1" time="0.039"/>
  <system-out/>
</testsuite> <!-- Annotations.OneMoreSoftAssert -->
