<?xml version="1.0" encoding="UTF-8"?>
<!-- Generated by org.testng.reporters.JUnitReportReporter -->
<testsuite hostname="KOUSTUBH" failures="0" tests="3" name="Annotations.ParamWithArray" time="0.026" errors="0" timestamp="2022-04-06T12:58:52 IST" skipped="0">
  <testcase classname="Annotations.ParamWithArray" name="testCase1" time="0.008"/>
  <system-out/>
  <testcase classname="Annotations.ParamWithArray" name="testCase1" time="0.014"/>
  <system-out/>
  <testcase classname="Annotations.ParamWithArray" name="testCase1" time="0.004"/>
  <system-out/>
</testsuite> <!-- Annotations.ParamWithArray -->
