<?xml version="1.0" encoding="UTF-8"?>
<!-- Generated by org.testng.reporters.JUnitReportReporter -->
<testsuite hostname="KOUSTUBH" failures="0" tests="3" name="Annotations.Order" time="0.033" errors="0" timestamp="2022-04-06T11:47:26 IST" skipped="0">
  <testcase classname="Annotations.Order" name="login" time="0.013"/>
  <system-out/>
  <testcase classname="Annotations.Order" name="composemail" time="0.011"/>
  <system-out/>
  <testcase classname="Annotations.Order" name="Deletemail" time="0.009"/>
  <system-out/>
</testsuite> <!-- Annotations.Order -->
