<?xml version="1.0" encoding="UTF-8"?>
<!-- Generated by org.testng.reporters.JUnitReportReporter -->
<testsuite hostname="KOUSTUBH" failures="0" tests="3" name="Annotations.Annot" time="0.063" errors="0" timestamp="2022-04-12T11:37:47 IST" skipped="0">
  <testcase classname="Annotations.Annot" name="testCase1" time="0.024"/>
  <system-out/>
  <testcase classname="Annotations.Annot" name="testCase2" time="0.008"/>
  <system-out/>
  <testcase classname="Annotations.Annot" name="testCase3" time="0.031"/>
  <system-out/>
</testsuite> <!-- Annotations.Annot -->
