<?xml version="1.0" encoding="UTF-8"?>
<!-- Generated by org.testng.reporters.JUnitReportReporter -->
<testsuite hostname="KOUSTUBH" failures="0" tests="1" name="Annotations.WorkWithExcel" time="2.223" errors="0" timestamp="2022-04-12T12:07:26 IST" skipped="0">
  <testcase classname="Annotations.WorkWithExcel" name="testCase1" time="2.223"/>
  <system-out/>
</testsuite> <!-- Annotations.WorkWithExcel -->
