<?xml version="1.0" encoding="UTF-8"?>
<!-- Generated by org.testng.reporters.JUnitReportReporter -->
<testsuite hostname="KOUSTUBH" failures="0" tests="1" name="Annotations.HardAssertExample" time="0.037" errors="0" timestamp="2022-04-06T11:58:02 IST" skipped="0">
  <testcase classname="Annotations.HardAssertExample" name="testCase1" time="0.037"/>
  <system-out/>
</testsuite> <!-- Annotations.HardAssertExample -->
