<?xml version="1.0" encoding="UTF-8"?>
<!-- Generated by org.testng.reporters.JUnitReportReporter -->
<testsuite hostname="KOUSTUBH" failures="0" tests="14" name="Annotations.ParamWithExcel" time="0.345" errors="0" timestamp="2022-04-12T12:10:02 IST" skipped="0">
  <testcase classname="Annotations.ParamWithExcel" name="testCase1" time="0.023"/>
  <system-out/>
  <testcase classname="Annotations.ParamWithExcel" name="testCase1" time="0.012"/>
  <system-out/>
  <testcase classname="Annotations.ParamWithExcel" name="testCase1" time="0.031"/>
  <system-out/>
  <testcase classname="Annotations.ParamWithExcel" name="testCase1" time="0.033"/>
  <system-out/>
  <testcase classname="Annotations.ParamWithExcel" name="testCase1" time="0.018"/>
  <system-out/>
  <testcase classname="Annotations.ParamWithExcel" name="testCase1" time="0.032"/>
  <system-out/>
  <testcase classname="Annotations.ParamWithExcel" name="testCase1" time="0.019"/>
  <system-out/>
  <testcase classname="Annotations.ParamWithExcel" name="testCase1" time="0.052"/>
  <system-out/>
  <testcase classname="Annotations.ParamWithExcel" name="testCase1" time="0.008"/>
  <system-out/>
  <testcase classname="Annotations.ParamWithExcel" name="testCase1" time="0.019"/>
  <system-out/>
  <testcase classname="Annotations.ParamWithExcel" name="testCase1" time="0.042"/>
  <system-out/>
  <testcase classname="Annotations.ParamWithExcel" name="testCase1" time="0.021"/>
  <system-out/>
  <testcase classname="Annotations.ParamWithExcel" name="testCase1" time="0.010"/>
  <system-out/>
  <testcase classname="Annotations.ParamWithExcel" name="testCase1" time="0.025"/>
  <system-out/>
</testsuite> <!-- Annotations.ParamWithExcel -->
