<?xml version="1.0" encoding="UTF-8"?>
<!-- Generated by org.testng.reporters.JUnitReportReporter -->
<testsuite hostname="KOUSTUBH" failures="0" tests="1" name="Annotations.SoftAssertExample" time="0.033" errors="0" timestamp="2022-04-06T12:10:56 IST" skipped="0">
  <testcase classname="Annotations.SoftAssertExample" name="testCase1" time="0.033"/>
  <system-out/>
</testsuite> <!-- Annotations.SoftAssertExample -->
