<?xml version="1.0" encoding="UTF-8"?>
<!-- Generated by org.testng.reporters.JUnitReportReporter -->
<testsuite hostname="KOUSTUBH" failures="0" tests="2" name="com.testBase.TestBase" time="23.212" errors="0" timestamp="2022-04-08T12:30:20 IST" skipped="0">
  <testcase classname="com.testBase.TestBase" name="OpenBrowser" time="22.463"/>
  <system-out/>
  <testcase classname="com.testBase.TestBase" name="CloseBrowser" time="0.749"/>
  <system-out/>
</testsuite> <!-- com.testBase.TestBase -->
