<?xml version="1.0" encoding="UTF-8"?>
<!-- Generated by org.testng.reporters.JUnitReportReporter -->
<testsuite hostname="KOUSTUBH" failures="0" tests="1" name="com.testCase.Test1" time="23.376" errors="0" timestamp="2022-04-08T17:02:14 IST" skipped="0">
  <testcase classname="com.testCase.Test1" name="testCase1" time="23.376"/>
  <system-out/>
</testsuite> <!-- com.testCase.Test1 -->
