<?xml version="1.0" encoding="UTF-8"?>
<!-- Generated by org.testng.reporters.JUnitReportReporter -->
<testsuite hostname="KOUSTUBH" failures="0" tests="1" name="com.testCase.Test3" time="26.355" errors="0" timestamp="2022-04-08T17:02:14 IST" skipped="0">
  <testcase classname="com.testCase.Test3" name="testCase3" time="26.355"/>
  <system-out/>
</testsuite> <!-- com.testCase.Test3 -->
