<?xml version="1.0" encoding="UTF-8"?>
<!-- Generated by org.testng.reporters.JUnitReportReporter -->
<testsuite hostname="KOUSTUBH" failures="0" tests="1" name="com.testCase.Test2" time="27.117" errors="0" timestamp="2022-04-08T17:02:14 IST" skipped="0">
  <testcase classname="com.testCase.Test2" name="testCase2" time="27.117"/>
  <system-out/>
</testsuite> <!-- com.testCase.Test2 -->
