<?xml version="1.0" encoding="UTF-8"?>
<!-- Generated by org.testng.reporters.JUnitReportReporter -->
<testsuite hostname="KOUSTUBH" failures="0" tests="1" name="seleniumConcepts.SelectObjectDemo" time="10.537" errors="0" timestamp="2022-04-07T12:56:00 IST" skipped="0">
  <testcase classname="seleniumConcepts.SelectObjectDemo" name="selectObject" time="10.537"/>
  <system-out/>
</testsuite> <!-- seleniumConcepts.SelectObjectDemo -->
