<?xml version="1.0" encoding="UTF-8"?>
<!-- Generated by org.testng.reporters.JUnitReportReporter -->
<testsuite hostname="KOUSTUBH" failures="0" tests="1" name="testCasesForAmazon.Test1" time="63.125" errors="0" timestamp="2022-04-07T12:09:29 IST" skipped="0">
  <testcase classname="testCasesForAmazon.Test1" name="workWithBrowser" time="63.125"/>
  <system-out/>
</testsuite> <!-- testCasesForAmazon.Test1 -->
