<?xml version="1.0" encoding="UTF-8"?>
<!-- Generated by org.testng.reporters.JUnitReportReporter -->
<testsuite hostname="KOUSTUBH" failures="0" tests="1" name="seleniumConcepts.WorkWithBrowser" time="23.673" errors="0" timestamp="2022-04-07T09:41:16 IST" skipped="0">
  <testcase classname="seleniumConcepts.WorkWithBrowser" name="workWithBrowser" time="23.673"/>
  <system-out/>
</testsuite> <!-- seleniumConcepts.WorkWithBrowser -->
