<?xml version="1.0" encoding="UTF-8"?>
<!-- Generated by org.testng.reporters.JUnitReportReporter -->
<testsuite hostname="KOUSTUBH" failures="0" tests="1" name="seleniumConcepts.JqueryUIExample" time="20.905" errors="0" timestamp="2022-04-07T14:37:19 IST" skipped="0">
  <testcase classname="seleniumConcepts.JqueryUIExample" name="jQuery" time="20.905"/>
  <system-out/>
</testsuite> <!-- seleniumConcepts.JqueryUIExample -->
