<?xml version="1.0" encoding="UTF-8"?>
<!-- Generated by org.testng.reporters.JUnitReportReporter -->
<testsuite hostname="KOUSTUBH" failures="0" tests="1" name="seleniumConcepts.JSExample" time="24.884" errors="0" timestamp="2022-04-11T11:55:17 IST" skipped="0">
  <testcase classname="seleniumConcepts.JSExample" name="javaAlert" time="24.884"/>
  <system-out/>
</testsuite> <!-- seleniumConcepts.JSExample -->
