<?xml version="1.0" encoding="UTF-8"?>
<!-- Generated by org.testng.reporters.JUnitReportReporter -->
<testsuite hostname="KOUSTUBH" failures="0" tests="1" name="seleniumConcepts.NavigateMetods" time="38.808" errors="0" timestamp="2022-04-07T17:03:04 IST" skipped="0">
  <testcase classname="seleniumConcepts.NavigateMetods" name="testCase1" time="38.808"/>
  <system-out/>
</testsuite> <!-- seleniumConcepts.NavigateMetods -->
