<?xml version="1.0" encoding="UTF-8"?>
<!-- Generated by org.testng.reporters.JUnitReportReporter -->
<testsuite hostname="KOUSTUBH" failures="0" tests="1" name="seleniumConcepts.DragAndDropEx" time="31.773" errors="0" timestamp="2022-04-11T10:56:52 IST" skipped="0">
  <testcase classname="seleniumConcepts.DragAndDropEx" name="javaAlert" time="31.773"/>
  <system-out/>
</testsuite> <!-- seleniumConcepts.DragAndDropEx -->
