<?xml version="1.0" encoding="UTF-8"?>
<!-- Generated by org.testng.reporters.JUnitReportReporter -->
<testsuite hostname="KOUSTUBH" failures="0" tests="1" name="seleniumConcepts.RelativeAllLinks" time="24.080" errors="0" timestamp="2022-04-11T14:49:23 IST" skipped="0">
  <testcase classname="seleniumConcepts.RelativeAllLinks" name="javaAlert" time="24.080"/>
  <system-out/>
</testsuite> <!-- seleniumConcepts.RelativeAllLinks -->
