<?xml version="1.0" encoding="UTF-8"?>
<!-- Generated by org.testng.reporters.JUnitReportReporter -->
<testsuite hostname="KOUSTUBH" failures="0" tests="1" name="seleniumConcepts.Test1" time="59.257" errors="0" timestamp="2022-04-07T10:40:54 IST" skipped="0">
  <testcase classname="seleniumConcepts.Test1" name="workWithBrowser" time="59.257"/>
  <system-out/>
</testsuite> <!-- seleniumConcepts.Test1 -->
