<?xml version="1.0" encoding="UTF-8"?>
<!-- Generated by org.testng.reporters.JUnitReportReporter -->
<testsuite hostname="KOUSTUBH" failures="0" tests="1" name="seleniumConcepts.StaleElementExceptionEx" time="36.306" errors="0" timestamp="2022-04-11T09:39:51 IST" skipped="0">
  <testcase classname="seleniumConcepts.StaleElementExceptionEx" name="javaAlert" time="36.306"/>
  <system-out/>
</testsuite> <!-- seleniumConcepts.StaleElementExceptionEx -->
