<?xml version="1.0" encoding="UTF-8"?>
<!-- Generated by org.testng.reporters.JUnitReportReporter -->
<testsuite hostname="KOUSTUBH" failures="0" tests="1" name="seleniumConcepts.JavaAlertExample2_withEventListener" time="19.009" errors="0" timestamp="2022-04-08T10:33:23 IST" skipped="0">
  <testcase classname="seleniumConcepts.JavaAlertExample2_withEventListener" name="javaAlert" time="19.009"/>
  <system-out/>
</testsuite> <!-- seleniumConcepts.JavaAlertExample2_withEventListener -->
