<?xml version="1.0" encoding="UTF-8"?>
<!-- Generated by org.testng.reporters.JUnitReportReporter -->
<testsuite hostname="KOUSTUBH" failures="0" tests="1" name="seleniumConcepts.JavaAlertExample" time="11.986" errors="0" timestamp="2022-04-07T12:35:45 IST" skipped="0">
  <testcase classname="seleniumConcepts.JavaAlertExample" name="workWithBrowser" time="11.986"/>
  <system-out/>
</testsuite> <!-- seleniumConcepts.JavaAlertExample -->
