<?xml version="1.0" encoding="UTF-8"?>
<!-- Generated by org.testng.reporters.JUnitReportReporter -->
<testsuite hostname="KOUSTUBH" failures="0" tests="1" name="seleniumConcepts.MouseActions" time="69.489" errors="0" timestamp="2022-04-11T10:43:54 IST" skipped="0">
  <testcase classname="seleniumConcepts.MouseActions" name="javaAlert" time="69.489"/>
  <system-out/>
</testsuite> <!-- seleniumConcepts.MouseActions -->
