<?xml version="1.0" encoding="UTF-8"?>
<!-- Generated by org.testng.reporters.JUnitReportReporter -->
<testsuite hostname="KOUSTUBH" failures="0" tests="1" name="testCasesForAmazon.Test2" time="59.533" errors="0" timestamp="2022-04-07T12:09:29 IST" skipped="0">
  <testcase classname="testCasesForAmazon.Test2" name="workWithBrowser" time="59.533"/>
  <system-out/>
</testsuite> <!-- testCasesForAmazon.Test2 -->
