<?xml version="1.0" encoding="UTF-8"?>
<!-- Generated by org.testng.reporters.JUnitReportReporter -->
<testsuite hostname="KOUSTUBH" failures="0" tests="1" name="seleniumConcepts.TabsAndWindow" time="62.412" errors="0" timestamp="2022-04-11T10:12:45 IST" skipped="0">
  <testcase classname="seleniumConcepts.TabsAndWindow" name="javaAlert" time="62.412"/>
  <system-out/>
</testsuite> <!-- seleniumConcepts.TabsAndWindow -->
