<?xml version="1.0" encoding="UTF-8"?>
<!-- Generated by org.testng.reporters.JUnitReportReporter -->
<testsuite hostname="KOUSTUBH" failures="0" tests="1" name="testCasesForAmazon.Test3" time="43.160" errors="0" timestamp="2022-04-07T12:09:29 IST" skipped="0">
  <testcase classname="testCasesForAmazon.Test3" name="workWithBrowser" time="43.160"/>
  <system-out/>
</testsuite> <!-- testCasesForAmazon.Test3 -->
